<?xml version="1.0" encoding="UTF-8"?>
<testng-results ignored="0" total="4" passed="3" failed="1" skipped="0">
  <reporter-output>
  </reporter-output>
  <suite started-at="2024-03-04T14:52:52 IST" name="Default suite" finished-at="2024-03-04T14:53:14 IST" duration-ms="22889">
    <groups>
    </groups>
    <test started-at="2024-03-04T14:52:52 IST" name="Default test" finished-at="2024-03-04T14:53:14 IST" duration-ms="22889">
      <class name="testscripts.TestScenarios">
        <test-method is-config="true" signature="setup()[pri:0, instance:testscripts.TestScenarios@791f145a]" started-at="2024-03-04T14:52:52 IST" name="setup" finished-at="2024-03-04T14:52:58 IST" duration-ms="6685" status="PASS">
          <reporter-output>
          </reporter-output>
        </test-method> <!-- setup -->
        <test-method is-config="true" signature="setupExtentReport()[pri:0, instance:testscripts.TestScenarios@791f145a]" started-at="2024-03-04T14:52:58 IST" name="setupExtentReport" finished-at="2024-03-04T14:52:59 IST" duration-ms="546" status="PASS">
          <reporter-output>
          </reporter-output>
        </test-method> <!-- setupExtentReport -->
        <test-method signature="addToCartTest()[pri:0, instance:testscripts.TestScenarios@791f145a]" started-at="2024-03-04T14:52:59 IST" name="addToCartTest" finished-at="2024-03-04T14:53:08 IST" duration-ms="9324" status="FAIL">
          <exception class="java.lang.AssertionError">
            <message>
              <![CDATA[expected [] but found [ZARA COAT 3]]]>
            </message>
            <full-stacktrace>
              <![CDATA[java.lang.AssertionError: expected [] but found [ZARA COAT 3]
at org.testng.Assert.fail(Assert.java:99)
at org.testng.Assert.failNotEquals(Assert.java:1037)
at org.testng.Assert.assertEqualsImpl(Assert.java:140)
at org.testng.Assert.assertEquals(Assert.java:122)
at org.testng.Assert.assertEquals(Assert.java:629)
at org.testng.Assert.assertEquals(Assert.java:639)
at testscripts.TestScenarios.addToCartTest(TestScenarios.java:48)
at java.base/jdk.internal.reflect.DirectMethodHandleAccessor.invoke(DirectMethodHandleAccessor.java:103)
at java.base/java.lang.reflect.Method.invoke(Method.java:580)
at org.testng.internal.MethodInvocationHelper.invokeMethod(MethodInvocationHelper.java:133)
at org.testng.internal.TestInvoker.invokeMethod(TestInvoker.java:598)
at org.testng.internal.TestInvoker.invokeTestMethod(TestInvoker.java:173)
at org.testng.internal.MethodRunner.runInSequence(MethodRunner.java:46)
at org.testng.internal.TestInvoker$MethodInvocationAgent.invoke(TestInvoker.java:824)
at org.testng.internal.TestInvoker.invokeTestMethods(TestInvoker.java:146)
at org.testng.internal.TestMethodWorker.invokeTestMethods(TestMethodWorker.java:146)
at org.testng.internal.TestMethodWorker.run(TestMethodWorker.java:128)
at java.base/java.util.ArrayList.forEach(ArrayList.java:1596)
at org.testng.TestRunner.privateRun(TestRunner.java:794)
at org.testng.TestRunner.run(TestRunner.java:596)
at org.testng.SuiteRunner.runTest(SuiteRunner.java:377)
at org.testng.SuiteRunner.runSequentially(SuiteRunner.java:371)
at org.testng.SuiteRunner.privateRun(SuiteRunner.java:332)
at org.testng.SuiteRunner.run(SuiteRunner.java:276)
at org.testng.SuiteRunnerWorker.runSuite(SuiteRunnerWorker.java:53)
at org.testng.SuiteRunnerWorker.run(SuiteRunnerWorker.java:96)
at org.testng.TestNG.runSuitesSequentially(TestNG.java:1212)
at org.testng.TestNG.runSuitesLocally(TestNG.java:1134)
at org.testng.TestNG.runSuites(TestNG.java:1063)
at org.testng.TestNG.run(TestNG.java:1031)
at org.testng.remote.AbstractRemoteTestNG.run(AbstractRemoteTestNG.java:115)
at org.testng.remote.RemoteTestNG.initAndRun(RemoteTestNG.java:251)
at org.testng.remote.RemoteTestNG.main(RemoteTestNG.java:77)
]]>
            </full-stacktrace>
          </exception> <!-- java.lang.AssertionError -->
          <reporter-output>
          </reporter-output>
        </test-method> <!-- addToCartTest -->
        <test-method is-config="true" signature="getResult(org.testng.ITestResult)[pri:0, instance:testscripts.TestScenarios@791f145a]" started-at="2024-03-04T14:53:08 IST" name="getResult" finished-at="2024-03-04T14:53:09 IST" duration-ms="675" status="PASS">
          <params>
            <param index="0">
              <value>
                <![CDATA[[TestResult name=addToCartTest status=FAILURE method=TestScenarios.addToCartTest()[pri:0, instance:testscripts.TestScenarios@791f145a] output={null}]]]>
              </value>
            </param>
          </params>
          <reporter-output>
          </reporter-output>
        </test-method> <!-- getResult -->
        <test-method signature="cartDisplayTest()[pri:0, instance:testscripts.TestScenarios@791f145a]" started-at="2024-03-04T14:53:09 IST" name="cartDisplayTest" finished-at="2024-03-04T14:53:09 IST" duration-ms="521" status="PASS">
          <reporter-output>
          </reporter-output>
        </test-method> <!-- cartDisplayTest -->
        <test-method is-config="true" signature="getResult(org.testng.ITestResult)[pri:0, instance:testscripts.TestScenarios@791f145a]" started-at="2024-03-04T14:53:09 IST" name="getResult" finished-at="2024-03-04T14:53:09 IST" duration-ms="2" status="PASS">
          <params>
            <param index="0">
              <value>
                <![CDATA[[TestResult name=cartDisplayTest status=SUCCESS method=TestScenarios.cartDisplayTest()[pri:0, instance:testscripts.TestScenarios@791f145a] output={null}]]]>
              </value>
            </param>
          </params>
          <reporter-output>
          </reporter-output>
        </test-method> <!-- getResult -->
        <test-method signature="checkoutTest()[pri:0, instance:testscripts.TestScenarios@791f145a]" started-at="2024-03-04T14:53:09 IST" name="checkoutTest" finished-at="2024-03-04T14:53:12 IST" duration-ms="3082" status="PASS">
          <reporter-output>
          </reporter-output>
        </test-method> <!-- checkoutTest -->
        <test-method is-config="true" signature="getResult(org.testng.ITestResult)[pri:0, instance:testscripts.TestScenarios@791f145a]" started-at="2024-03-04T14:53:12 IST" name="getResult" finished-at="2024-03-04T14:53:12 IST" duration-ms="1" status="PASS">
          <params>
            <param index="0">
              <value>
                <![CDATA[[TestResult name=checkoutTest status=SUCCESS method=TestScenarios.checkoutTest()[pri:0, instance:testscripts.TestScenarios@791f145a] output={null}]]]>
              </value>
            </param>
          </params>
          <reporter-output>
          </reporter-output>
        </test-method> <!-- getResult -->
        <test-method signature="placeOrderTest()[pri:0, instance:testscripts.TestScenarios@791f145a]" started-at="2024-03-04T14:53:12 IST" name="placeOrderTest" finished-at="2024-03-04T14:53:13 IST" duration-ms="644" status="PASS">
          <reporter-output>
          </reporter-output>
        </test-method> <!-- placeOrderTest -->
        <test-method is-config="true" signature="getResult(org.testng.ITestResult)[pri:0, instance:testscripts.TestScenarios@791f145a]" started-at="2024-03-04T14:53:13 IST" name="getResult" finished-at="2024-03-04T14:53:13 IST" duration-ms="2" status="PASS">
          <params>
            <param index="0">
              <value>
                <![CDATA[[TestResult name=placeOrderTest status=SUCCESS method=TestScenarios.placeOrderTest()[pri:0, instance:testscripts.TestScenarios@791f145a] output={null}]]]>
              </value>
            </param>
          </params>
          <reporter-output>
          </reporter-output>
        </test-method> <!-- getResult -->
        <test-method is-config="true" signature="tearDown()[pri:0, instance:testscripts.TestScenarios@791f145a]" started-at="2024-03-04T14:53:13 IST" name="tearDown" finished-at="2024-03-04T14:53:14 IST" duration-ms="939" status="PASS">
          <reporter-output>
          </reporter-output>
        </test-method> <!-- tearDown -->
        <test-method is-config="true" signature="terminate()[pri:0, instance:testscripts.TestScenarios@791f145a]" started-at="2024-03-04T14:53:14 IST" name="terminate" finished-at="2024-03-04T14:53:14 IST" duration-ms="384" status="PASS">
          <reporter-output>
          </reporter-output>
        </test-method> <!-- terminate -->
      </class> <!-- testscripts.TestScenarios -->
    </test> <!-- Default test -->
  </suite> <!-- Default suite -->
</testng-results>
